Base path: '/home/jckuri/Unity/Hub/Editor/2022.3.15f1/Editor/Data', plugins path '/home/jckuri/Unity/Hub/Editor/2022.3.15f1/Editor/Data/PlaybackEngines'
Cmd: initializeCompiler

Cmd: compileComputeKernel
  insize=5394 file=Packages/com.unity.render-pipelines.core/Editor/Lighting/ProbeVolume/ProbeVolumeCellDilation.compute kernel=DilateCell ppOnly=0 stripLineD=0 buildPlatform=24 km=<UNITY_VERSION=202239> pKW=UNITY_ENABLE_REFLECTION_BUFFERS UNITY_USE_DITHER_MASK_FOR_ALPHABLENDED_SHADOWS UNITY_PBS_USE_BRDF1 UNITY_SPECCUBE_BOX_PROJECTION UNITY_SPECCUBE_BLENDING UNITY_ENABLE_DETAIL_NORMALMAP SHADER_API_DESKTOP UNITY_COLORSPACE_GAMMA UNITY_LIGHT_PROBE_PROXY_VOLUME UNITY_LIGHTMAP_FULL_HDR uKW=SHADER_STAGE_COMPUTE platform=vulkan flags=4096 reqs=16385 forceDXC=0 forceFXC=0 ok=1 outsize=45705

Cmd: compileComputeKernel
  insize=7053 file=Packages/com.unity.render-pipelines.core/Editor/Lighting/ProbeVolume/ProbeVolumeSubdivide.compute kernel=VoxelizeProbeVolumeData ppOnly=0 stripLineD=0 buildPlatform=24 km=<UNITY_VERSION=202239> pKW=UNITY_ENABLE_REFLECTION_BUFFERS UNITY_USE_DITHER_MASK_FOR_ALPHABLENDED_SHADOWS UNITY_PBS_USE_BRDF1 UNITY_SPECCUBE_BOX_PROJECTION UNITY_SPECCUBE_BLENDING UNITY_ENABLE_DETAIL_NORMALMAP SHADER_API_DESKTOP UNITY_COLORSPACE_GAMMA UNITY_LIGHT_PROBE_PROXY_VOLUME UNITY_LIGHTMAP_FULL_HDR uKW=SHADER_STAGE_COMPUTE platform=vulkan flags=4096 reqs=16385 forceDXC=0 forceFXC=0 ok=1 outsize=14686

Cmd: compileComputeKernel
  insize=7053 file=Packages/com.unity.render-pipelines.core/Editor/Lighting/ProbeVolume/ProbeVolumeSubdivide.compute kernel=FinalPass ppOnly=0 stripLineD=0 buildPlatform=24 km=<UNITY_VERSION=202239> pKW=UNITY_ENABLE_REFLECTION_BUFFERS UNITY_USE_DITHER_MASK_FOR_ALPHABLENDED_SHADOWS UNITY_PBS_USE_BRDF1 UNITY_SPECCUBE_BOX_PROJECTION UNITY_SPECCUBE_BLENDING UNITY_ENABLE_DETAIL_NORMALMAP SHADER_API_DESKTOP UNITY_COLORSPACE_GAMMA UNITY_LIGHT_PROBE_PROXY_VOLUME UNITY_LIGHTMAP_FULL_HDR uKW=SHADER_STAGE_COMPUTE platform=vulkan flags=4096 reqs=16385 forceDXC=0 forceFXC=0 ok=1 outsize=2832

Cmd: compileComputeKernel
  insize=7053 file=Packages/com.unity.render-pipelines.core/Editor/Lighting/ProbeVolume/ProbeVolumeSubdivide.compute kernel=JumpFlooding ppOnly=0 stripLineD=0 buildPlatform=24 km=<UNITY_VERSION=202239> pKW=UNITY_ENABLE_REFLECTION_BUFFERS UNITY_USE_DITHER_MASK_FOR_ALPHABLENDED_SHADOWS UNITY_PBS_USE_BRDF1 UNITY_SPECCUBE_BOX_PROJECTION UNITY_SPECCUBE_BLENDING UNITY_ENABLE_DETAIL_NORMALMAP SHADER_API_DESKTOP UNITY_COLORSPACE_GAMMA UNITY_LIGHT_PROBE_PROXY_VOLUME UNITY_LIGHTMAP_FULL_HDR uKW=SHADER_STAGE_COMPUTE platform=vulkan flags=4096 reqs=16385 forceDXC=0 forceFXC=0 ok=1 outsize=11634

Cmd: compileComputeKernel
  insize=7053 file=Packages/com.unity.render-pipelines.core/Editor/Lighting/ProbeVolume/ProbeVolumeSubdivide.compute kernel=FillUVMap ppOnly=0 stripLineD=0 buildPlatform=24 km=<UNITY_VERSION=202239> pKW=UNITY_ENABLE_REFLECTION_BUFFERS UNITY_USE_DITHER_MASK_FOR_ALPHABLENDED_SHADOWS UNITY_PBS_USE_BRDF1 UNITY_SPECCUBE_BOX_PROJECTION UNITY_SPECCUBE_BLENDING UNITY_ENABLE_DETAIL_NORMALMAP SHADER_API_DESKTOP UNITY_COLORSPACE_GAMMA UNITY_LIGHT_PROBE_PROXY_VOLUME UNITY_LIGHTMAP_FULL_HDR uKW=SHADER_STAGE_COMPUTE platform=vulkan flags=4096 reqs=16385 forceDXC=0 forceFXC=0 ok=1 outsize=2756

Cmd: compileComputeKernel
  insize=7053 file=Packages/com.unity.render-pipelines.core/Editor/Lighting/ProbeVolume/ProbeVolumeSubdivide.compute kernel=ClearBuffer ppOnly=0 stripLineD=0 buildPlatform=24 km=<UNITY_VERSION=202239> pKW=UNITY_ENABLE_REFLECTION_BUFFERS UNITY_USE_DITHER_MASK_FOR_ALPHABLENDED_SHADOWS UNITY_PBS_USE_BRDF1 UNITY_SPECCUBE_BOX_PROJECTION UNITY_SPECCUBE_BLENDING UNITY_ENABLE_DETAIL_NORMALMAP SHADER_API_DESKTOP UNITY_COLORSPACE_GAMMA UNITY_LIGHT_PROBE_PROXY_VOLUME UNITY_LIGHTMAP_FULL_HDR uKW=SHADER_STAGE_COMPUTE platform=vulkan flags=4096 reqs=16385 forceDXC=0 forceFXC=0 ok=1 outsize=1590

Cmd: compileComputeKernel
  insize=7053 file=Packages/com.unity.render-pipelines.core/Editor/Lighting/ProbeVolume/ProbeVolumeSubdivide.compute kernel=Clear ppOnly=0 stripLineD=0 buildPlatform=24 km=<UNITY_VERSION=202239> pKW=UNITY_ENABLE_REFLECTION_BUFFERS UNITY_USE_DITHER_MASK_FOR_ALPHABLENDED_SHADOWS UNITY_PBS_USE_BRDF1 UNITY_SPECCUBE_BOX_PROJECTION UNITY_SPECCUBE_BLENDING UNITY_ENABLE_DETAIL_NORMALMAP SHADER_API_DESKTOP UNITY_COLORSPACE_GAMMA UNITY_LIGHT_PROBE_PROXY_VOLUME UNITY_LIGHTMAP_FULL_HDR uKW=SHADER_STAGE_COMPUTE platform=vulkan flags=4096 reqs=16385 forceDXC=0 forceFXC=0 ok=1 outsize=2549

Cmd: compileComputeKernel
  insize=1893 file=Packages/com.unity.cinemachine/Editor/EditorResources/CMWaveform.compute kernel=KCMWaveformClear ppOnly=0 stripLineD=0 buildPlatform=24 km=<UNITY_VERSION=202239> pKW=UNITY_ENABLE_REFLECTION_BUFFERS UNITY_USE_DITHER_MASK_FOR_ALPHABLENDED_SHADOWS UNITY_PBS_USE_BRDF1 UNITY_SPECCUBE_BOX_PROJECTION UNITY_SPECCUBE_BLENDING UNITY_ENABLE_DETAIL_NORMALMAP SHADER_API_DESKTOP UNITY_COLORSPACE_GAMMA UNITY_LIGHT_PROBE_PROXY_VOLUME UNITY_LIGHTMAP_FULL_HDR uKW=SHADER_STAGE_COMPUTE platform=vulkan flags=4096 reqs=16385 forceDXC=0 forceFXC=0 ok=1 outsize=2775

Cmd: compileComputeKernel
  insize=1893 file=Packages/com.unity.cinemachine/Editor/EditorResources/CMWaveform.compute kernel=KCMWaveformGather ppOnly=0 stripLineD=0 buildPlatform=24 km=<UNITY_VERSION=202239> pKW=UNITY_ENABLE_REFLECTION_BUFFERS UNITY_USE_DITHER_MASK_FOR_ALPHABLENDED_SHADOWS UNITY_PBS_USE_BRDF1 UNITY_SPECCUBE_BOX_PROJECTION UNITY_SPECCUBE_BLENDING UNITY_ENABLE_DETAIL_NORMALMAP SHADER_API_DESKTOP UNITY_COLORSPACE_GAMMA UNITY_LIGHT_PROBE_PROXY_VOLUME UNITY_LIGHTMAP_FULL_HDR uKW=SHADER_STAGE_COMPUTE platform=vulkan flags=4096 reqs=16385 forceDXC=0 forceFXC=0 ok=1 outsize=6647

Cmd: compileComputeKernel
  insize=1893 file=Packages/com.unity.cinemachine/Editor/EditorResources/CMWaveform.compute kernel=KCMWaveformClear ppOnly=0 stripLineD=0 buildPlatform=24 km=<UNITY_VERSION=202239> pKW=UNITY_ENABLE_REFLECTION_BUFFERS UNITY_USE_DITHER_MASK_FOR_ALPHABLENDED_SHADOWS UNITY_PBS_USE_BRDF1 UNITY_SPECCUBE_BOX_PROJECTION UNITY_SPECCUBE_BLENDING UNITY_ENABLE_DETAIL_NORMALMAP SHADER_API_DESKTOP UNITY_COLORSPACE_GAMMA UNITY_LIGHT_PROBE_PROXY_VOLUME UNITY_LIGHTMAP_FULL_HDR uKW=SHADER_STAGE_COMPUTE platform=glcore flags=4096 reqs=16385 forceDXC=0 forceFXC=0 ok=1 outsize=1750

Cmd: compileComputeKernel
  insize=1893 file=Packages/com.unity.cinemachine/Editor/EditorResources/CMWaveform.compute kernel=KCMWaveformGather ppOnly=0 stripLineD=0 buildPlatform=24 km=<UNITY_VERSION=202239> pKW=UNITY_ENABLE_REFLECTION_BUFFERS UNITY_USE_DITHER_MASK_FOR_ALPHABLENDED_SHADOWS UNITY_PBS_USE_BRDF1 UNITY_SPECCUBE_BOX_PROJECTION UNITY_SPECCUBE_BLENDING UNITY_ENABLE_DETAIL_NORMALMAP SHADER_API_DESKTOP UNITY_COLORSPACE_GAMMA UNITY_LIGHT_PROBE_PROXY_VOLUME UNITY_LIGHTMAP_FULL_HDR uKW=SHADER_STAGE_COMPUTE platform=glcore flags=4096 reqs=16385 forceDXC=0 forceFXC=0 ok=1 outsize=3538

Cmd: shutdown

Quitting shader compiler process
